<?xml version="1.0" encoding="UTF-8"?>
<!-- Generated by org.testng.reporters.JUnitReportReporter -->
<testsuite skipped="0" hostname="LAPTOP-NDLBL85K" name="com.testscenarios.switchWindow" tests="1" failures="0" timestamp="2021-08-12T16:04:42 IST" time="27.066" errors="0">
  <testcase name="f" time="27.066" classname="com.testscenarios.switchWindow"/>
  <system-out/>
</testsuite> <!-- com.testscenarios.switchWindow -->
