<?xml version="1.0" encoding="UTF-8"?>
<!-- Generated by org.testng.reporters.JUnitReportReporter -->
<testsuite skipped="0" hostname="LAPTOP-NDLBL85K" name="com.testscenarios.WebAssign" tests="1" failures="0" timestamp="2021-08-18T20:01:32 IST" time="6.233" errors="0">
  <testcase name="f" time="6.233" classname="com.testscenarios.WebAssign"/>
  <system-out/>
</testsuite> <!-- com.testscenarios.WebAssign -->
