<?xml version="1.0" encoding="UTF-8"?>
<!-- Generated by org.testng.reporters.JUnitReportReporter -->
<testsuite skipped="0" hostname="LAPTOP-NDLBL85K" name="com.testscenarios.Fameassign" tests="1" failures="0" timestamp="2021-08-09T19:53:12 IST" time="106.110" errors="0">
  <testcase name="f" time="106.110" classname="com.testscenarios.Fameassign"/>
  <system-out/>
</testsuite> <!-- com.testscenarios.Fameassign -->
