<?xml version="1.0" encoding="UTF-8"?>
<!-- Generated by org.testng.reporters.JUnitReportReporter -->
<testsuite skipped="0" hostname="LAPTOP-NDLBL85K" name="com.testscenarios.staphpAssign" tests="1" failures="0" timestamp="2021-08-22T14:18:31 IST" time="26.315" errors="0">
  <testcase name="f" time="26.315" classname="com.testscenarios.staphpAssign"/>
  <system-out/>
</testsuite> <!-- com.testscenarios.staphpAssign -->
